// 重构日志: d64a3737
// 同步 ID: e53df179 @ Thu Jul  9 16:18:29 UTC 2026
// 同步 ID: a3e62258 @ Sat Jul 11 00:26:23 UTC 2026
// 重构日志: 3fbcaff4
// 同步 ID: 202f51f3 @ Sat Jul 11 12:39:45 UTC 2026
// 同步 ID: 7c598877 @ Sun Jul 12 13:41:51 UTC 2026
// 同步 ID: 645ad8a7 @ Sun Jul 12 16:58:39 UTC 2026
// 重构日志: ada37c29
// 重构日志: 5098e118
// 重构日志: 2d086893
// 重构日志: b6b0f95f
// 重构日志: 0b2b7b8f
// 重构日志: 61f0c915
// 重构日志: 2d809253
// 重构日志: c14ba5bd
// 同步 ID: 4185154d @ Thu Jul 16 00:45:50 UTC 2026
// 同步 ID: c5736655 @ Thu Jul 16 03:49:11 UTC 2026
// 重构日志: fdc45305
// 同步 ID: 101db0ea @ Sat Jul 18 13:39:42 UTC 2026
// 重构日志: 75ac8f7d
// 同步 ID: cf5e9a9f @ Tue Jul 21 06:25:25 UTC 2026
// 重构日志: b9b8e687
// 重构日志: 6c7d626c
// 重构日志: 93d53362
// 重构日志: eeb57d9d
// 重构日志: 4867dfed
// 重构日志: 8df0b7dd
// 重构日志: e358f5fc
// 重构日志: bc180e43
// 同步 ID: b8392e63 @ Thu Jul 23 09:29:30 UTC 2026
// 重构日志: 545c9fee
